# JRE version: OpenJDK Runtime Environment Temurin-21.0.11+10 (21.0.11+10) (build 21.0.11+10-LTS)
# Java VM: OpenJDK 64-Bit Server VM Temurin-21.0.11+10 (21.0.11+10-LTS, mixed mode, sharing, tiered, compressed oops, compressed class ptrs, parallel gc, windows-amd64)
GC Precious Log:
 CardTable entry size: 512
 CPUs: 4 total, 4 available
 Memory: 8047M
 Large Page Support: Disabled
 NUMA Support: Disabled
 Compressed Oops: Enabled (32-bit)
 Alignments: Space 512K, Generation 512K, Heap 2M
 Heap Min Capacity: 100M
 Heap Initial Capacity: 100M
 Heap Max Capacity: 2G
 Pre-touch: Disabled
 Parallel Workers: 4
Heap:
 PSYoungGen      total 18432K, used 14221K [0x00000000d5580000, 0x00000000d6b80000, 0x0000000100000000)
  eden space 16896K, 76% used [0x00000000d5580000,0x00000000d6233488,0x00000000d6600000)
  from space 1536K, 79% used [0x00000000d6a00000,0x00000000d6b30000,0x00000000d6b80000)
  to   space 2048K, 0% used [0x00000000d6780000,0x00000000d6780000,0x00000000d6980000)
 ParOldGen       total 103936K, used 103882K [0x0000000080000000, 0x0000000086580000, 0x00000000d5580000)
  object space 103936K, 99% used [0x0000000080000000,0x0000000086572b40,0x0000000086580000)
 Metaspace       used 68911K, committed 70592K, reserved 1114112K
  class space    used 7104K, committed 7872K, reserved 1048576K
GC Heap History (20 events):
Event: 80.355 GC heap before
{Heap before GC invocations=70 (full 3):
 PSYoungGen      total 18944K, used 18881K [0x00000000d5580000, 0x00000000d6c00000, 0x0000000100000000)
  eden space 16896K, 100% used [0x00000000d5580000,0x00000000d6600000,0x00000000d6600000)
  from space 2048K, 96% used [0x00000000d6a00000,0x00000000d6bf05e0,0x00000000d6c00000)
  to   space 2560K, 0% used [0x00000000d6700000,0x00000000d6700000,0x00000000d6980000)
 ParOldGen       total 75264K, used 75165K [0x0000000080000000, 0x0000000084980000, 0x00000000d5580000)
  object space 75264K, 99% used [0x0000000080000000,0x00000000849675d8,0x0000000084980000)
 Metaspace       used 64629K, committed 66176K, reserved 1114112K
  class space    used 6700K, committed 7424K, reserved 1048576K
}
Event: 80.373 GC heap after
{Heap after GC invocations=70 (full 3):
 PSYoungGen      total 19456K, used 2547K [0x00000000d5580000, 0x00000000d7a00000, 0x0000000100000000)
  eden space 16896K, 0% used [0x00000000d5580000,0x00000000d5580000,0x00000000d6600000)
  from space 2560K, 99% used [0x00000000d6700000,0x00000000d697ccd8,0x00000000d6980000)
  to   space 10240K, 0% used [0x00000000d7000000,0x00000000d7000000,0x00000000d7a00000)
 ParOldGen       total 81408K, used 81262K [0x0000000080000000, 0x0000000084f80000, 0x00000000d5580000)
  object space 81408K, 99% used [0x0000000080000000,0x0000000084f5b820,0x0000000084f80000)
 Metaspace       used 64629K, committed 66176K, reserved 1114112K
  class space    used 6700K, committed 7424K, reserved 1048576K
}
Event: 81.160 GC heap before
{Heap before GC invocations=71 (full 3):
 PSYoungGen      total 19456K, used 19443K [0x00000000d5580000, 0x00000000d7a00000, 0x0000000100000000)
  eden space 16896K, 100% used [0x00000000d5580000,0x00000000d6600000,0x00000000d6600000)
  from space 2560K, 99% used [0x00000000d6700000,0x00000000d697ccd8,0x00000000d6980000)
  to   space 10240K, 0% used [0x00000000d7000000,0x00000000d7000000,0x00000000d7a00000)
 ParOldGen       total 81408K, used 81262K [0x0000000080000000, 0x0000000084f80000, 0x00000000d5580000)
  object space 81408K, 99% used [0x0000000080000000,0x0000000084f5b820,0x0000000084f80000)
 Metaspace       used 64794K, committed 66432K, reserved 1114112K
  class space    used 6707K, committed 7424K, reserved 1048576K
}
Event: 81.167 GC heap after
{Heap after GC invocations=71 (full 3):
 PSYoungGen      total 22016K, used 5031K [0x00000000d5580000, 0x00000000d7500000, 0x0000000100000000)
  eden space 16896K, 0% used [0x00000000d5580000,0x00000000d5580000,0x00000000d6600000)
  from space 5120K, 98% used [0x00000000d7000000,0x00000000d74e9c30,0x00000000d7500000)
  to   space 6656K, 0% used [0x00000000d6800000,0x00000000d6800000,0x00000000d6e80000)
 ParOldGen       total 83968K, used 83732K [0x0000000080000000, 0x0000000085200000, 0x00000000d5580000)
  object space 83968K, 99% used [0x0000000080000000,0x00000000851c51e0,0x0000000085200000)
 Metaspace       used 64794K, committed 66432K, reserved 1114112K
  class space    used 6707K, committed 7424K, reserved 1048576K
}
Event: 81.940 GC heap before
{Heap before GC invocations=72 (full 3):
 PSYoungGen      total 22016K, used 21927K [0x00000000d5580000, 0x00000000d7500000, 0x0000000100000000)
  eden space 16896K, 100% used [0x00000000d5580000,0x00000000d6600000,0x00000000d6600000)
  from space 5120K, 98% used [0x00000000d7000000,0x00000000d74e9c30,0x00000000d7500000)
  to   space 6656K, 0% used [0x00000000d6800000,0x00000000d6800000,0x00000000d6e80000)
 ParOldGen       total 83968K, used 83732K [0x0000000080000000, 0x0000000085200000, 0x00000000d5580000)
  object space 83968K, 99% used [0x0000000080000000,0x00000000851c51e0,0x0000000085200000)
 Metaspace       used 65029K, committed 66624K, reserved 1114112K
  class space    used 6741K, committed 7424K, reserved 1048576K
}
Event: 81.947 GC heap after
{Heap after GC invocations=72 (full 3):
 PSYoungGen      total 21504K, used 4101K [0x00000000d5580000, 0x00000000d7080000, 0x0000000100000000)
  eden space 16896K, 0% used [0x00000000d5580000,0x00000000d5580000,0x00000000d6600000)
  from space 4608K, 89% used [0x00000000d6800000,0x00000000d6c015a8,0x00000000d6c80000)
  to   space 4096K, 0% used [0x00000000d6c80000,0x00000000d6c80000,0x00000000d7080000)
 ParOldGen       total 88576K, used 88325K [0x0000000080000000, 0x0000000085680000, 0x00000000d5580000)
  object space 88576K, 99% used [0x0000000080000000,0x0000000085641598,0x0000000085680000)
 Metaspace       used 65029K, committed 66624K, reserved 1114112K
  class space    used 6741K, committed 7424K, reserved 1048576K
}
Event: 82.440 GC heap before
{Heap before GC invocations=73 (full 3):
 PSYoungGen      total 21504K, used 20997K [0x00000000d5580000, 0x00000000d7080000, 0x0000000100000000)
  eden space 16896K, 100% used [0x00000000d5580000,0x00000000d6600000,0x00000000d6600000)
  from space 4608K, 89% used [0x00000000d6800000,0x00000000d6c015a8,0x00000000d6c80000)
  to   space 4096K, 0% used [0x00000000d6c80000,0x00000000d6c80000,0x00000000d7080000)
 ParOldGen       total 88576K, used 88325K [0x0000000080000000, 0x0000000085680000, 0x00000000d5580000)
  object space 88576K, 99% used [0x0000000080000000,0x0000000085641598,0x0000000085680000)
 Metaspace       used 65084K, committed 66624K, reserved 1114112K
  class space    used 6750K, committed 7424K, reserved 1048576K
}
Event: 82.447 GC heap after
{Heap after GC invocations=73 (full 3):
 PSYoungGen      total 19968K, used 3060K [0x00000000d5580000, 0x00000000d6f80000, 0x0000000100000000)
  eden space 16896K, 0% used [0x00000000d5580000,0x00000000d5580000,0x00000000d6600000)
  from space 3072K, 99% used [0x00000000d6c80000,0x00000000d6f7d210,0x00000000d6f80000)
  to   space 3584K, 0% used [0x00000000d6880000,0x00000000d6880000,0x00000000d6c00000)
 ParOldGen       total 91648K, used 91536K [0x0000000080000000, 0x0000000085980000, 0x00000000d5580000)
  object space 91648K, 99% used [0x0000000080000000,0x00000000859641f8,0x0000000085980000)
 Metaspace       used 65084K, committed 66624K, reserved 1114112K
  class space    used 6750K, committed 7424K, reserved 1048576K
}
Event: 83.866 GC heap before
{Heap before GC invocations=74 (full 3):
 PSYoungGen      total 19968K, used 19956K [0x00000000d5580000, 0x00000000d6f80000, 0x0000000100000000)
  eden space 16896K, 100% used [0x00000000d5580000,0x00000000d6600000,0x00000000d6600000)
  from space 3072K, 99% used [0x00000000d6c80000,0x00000000d6f7d210,0x00000000d6f80000)
  to   space 3584K, 0% used [0x00000000d6880000,0x00000000d6880000,0x00000000d6c00000)
 ParOldGen       total 91648K, used 91536K [0x0000000080000000, 0x0000000085980000, 0x00000000d5580000)
  object space 91648K, 99% used [0x0000000080000000,0x00000000859641f8,0x0000000085980000)
 Metaspace       used 65345K, committed 66880K, reserved 1114112K
  class space    used 6761K, committed 7424K, reserved 1048576K
}
Event: 83.871 GC heap after
{Heap after GC invocations=74 (full 3):
 PSYoungGen      total 17920K, used 564K [0x00000000d5580000, 0x00000000d6d00000, 0x0000000100000000)
  eden space 16896K, 0% used [0x00000000d5580000,0x00000000d5580000,0x00000000d6600000)
  from space 1024K, 55% used [0x00000000d6880000,0x00000000d690d200,0x00000000d6980000)
  to   space 2048K, 0% used [0x00000000d6b00000,0x00000000d6b00000,0x00000000d6d00000)
 ParOldGen       total 94208K, used 93832K [0x0000000080000000, 0x0000000085c00000, 0x00000000d5580000)
  object space 94208K, 99% used [0x0000000080000000,0x0000000085ba2208,0x0000000085c00000)
 Metaspace       used 65345K, committed 66880K, reserved 1114112K
  class space    used 6761K, committed 7424K, reserved 1048576K
}
Event: 3873.151 GC heap before
{Heap before GC invocations=75 (full 3):
 PSYoungGen      total 17920K, used 17446K [0x00000000d5580000, 0x00000000d6d00000, 0x0000000100000000)
  eden space 16896K, 99% used [0x00000000d5580000,0x00000000d65fc6b0,0x00000000d6600000)
  from space 1024K, 55% used [0x00000000d6880000,0x00000000d690d200,0x00000000d6980000)
  to   space 2048K, 0% used [0x00000000d6b00000,0x00000000d6b00000,0x00000000d6d00000)
 ParOldGen       total 94208K, used 93832K [0x0000000080000000, 0x0000000085c00000, 0x00000000d5580000)
  object space 94208K, 99% used [0x0000000080000000,0x0000000085ba2208,0x0000000085c00000)
 Metaspace       used 66375K, committed 67968K, reserved 1114112K
  class space    used 6868K, committed 7552K, reserved 1048576K
}
Event: 3873.364 GC heap after
{Heap after GC invocations=75 (full 3):
 PSYoungGen      total 18944K, used 2030K [0x00000000d5580000, 0x00000000d6d00000, 0x0000000100000000)
  eden space 16896K, 0% used [0x00000000d5580000,0x00000000d5580000,0x00000000d6600000)
  from space 2048K, 99% used [0x00000000d6b00000,0x00000000d6cfba18,0x00000000d6d00000)
  to   space 3584K, 0% used [0x00000000d6600000,0x00000000d6600000,0x00000000d6980000)
 ParOldGen       total 94720K, used 94617K [0x0000000080000000, 0x0000000085c80000, 0x00000000d5580000)
  object space 94720K, 99% used [0x0000000080000000,0x0000000085c666d0,0x0000000085c80000)
 Metaspace       used 66375K, committed 67968K, reserved 1114112K
  class space    used 6868K, committed 7552K, reserved 1048576K
}
Event: 3874.363 GC heap before
{Heap before GC invocations=76 (full 3):
 PSYoungGen      total 18944K, used 18926K [0x00000000d5580000, 0x00000000d6d00000, 0x0000000100000000)
  eden space 16896K, 100% used [0x00000000d5580000,0x00000000d6600000,0x00000000d6600000)
  from space 2048K, 99% used [0x00000000d6b00000,0x00000000d6cfba18,0x00000000d6d00000)
  to   space 3584K, 0% used [0x00000000d6600000,0x00000000d6600000,0x00000000d6980000)
 ParOldGen       total 94720K, used 94617K [0x0000000080000000, 0x0000000085c80000, 0x00000000d5580000)
  object space 94720K, 99% used [0x0000000080000000,0x0000000085c666d0,0x0000000085c80000)
 Metaspace       used 66611K, committed 68160K, reserved 1114112K
  class space    used 6890K, committed 7552K, reserved 1048576K
}
Event: 3874.381 GC heap after
{Heap after GC invocations=76 (full 3):
 PSYoungGen      total 20480K, used 3553K [0x00000000d5580000, 0x00000000d7200000, 0x0000000100000000)
  eden space 16896K, 0% used [0x00000000d5580000,0x00000000d5580000,0x00000000d6600000)
  from space 3584K, 99% used [0x00000000d6600000,0x00000000d6978430,0x00000000d6980000)
  to   space 6144K, 0% used [0x00000000d6c00000,0x00000000d6c00000,0x00000000d7200000)
 ParOldGen       total 96768K, used 96633K [0x0000000080000000, 0x0000000085e80000, 0x00000000d5580000)
  object space 96768K, 99% used [0x0000000080000000,0x0000000085e5e748,0x0000000085e80000)
 Metaspace       used 66611K, committed 68160K, reserved 1114112K
  class space    used 6890K, committed 7552K, reserved 1048576K
}
Event: 3876.808 GC heap before
{Heap before GC invocations=77 (full 3):
 PSYoungGen      total 20480K, used 20449K [0x00000000d5580000, 0x00000000d7200000, 0x0000000100000000)
  eden space 16896K, 100% used [0x00000000d5580000,0x00000000d6600000,0x00000000d6600000)
  from space 3584K, 99% used [0x00000000d6600000,0x00000000d6978430,0x00000000d6980000)
  to   space 6144K, 0% used [0x00000000d6c00000,0x00000000d6c00000,0x00000000d7200000)
 ParOldGen       total 96768K, used 96633K [0x0000000080000000, 0x0000000085e80000, 0x00000000d5580000)
  object space 96768K, 99% used [0x0000000080000000,0x0000000085e5e748,0x0000000085e80000)
 Metaspace       used 66978K, committed 68544K, reserved 1114112K
  class space    used 6913K, committed 7616K, reserved 1048576K
}
Event: 3876.817 GC heap after
{Heap after GC invocations=77 (full 3):
 PSYoungGen      total 19456K, used 2416K [0x00000000d5580000, 0x00000000d6e80000, 0x0000000100000000)
  eden space 16896K, 0% used [0x00000000d5580000,0x00000000d5580000,0x00000000d6600000)
  from space 2560K, 94% used [0x00000000d6c00000,0x00000000d6e5c030,0x00000000d6e80000)
  to   space 3584K, 0% used [0x00000000d6780000,0x00000000d6780000,0x00000000d6b00000)
 ParOldGen       total 100352K, used 100042K [0x0000000080000000, 0x0000000086200000, 0x00000000d5580000)
  object space 100352K, 99% used [0x0000000080000000,0x00000000861b2910,0x0000000086200000)
 Metaspace       used 66978K, committed 68544K, reserved 1114112K
  class space    used 6913K, committed 7616K, reserved 1048576K
}
Event: 3880.311 GC heap before
{Heap before GC invocations=78 (full 3):
 PSYoungGen      total 19456K, used 19312K [0x00000000d5580000, 0x00000000d6e80000, 0x0000000100000000)
  eden space 16896K, 100% used [0x00000000d5580000,0x00000000d6600000,0x00000000d6600000)
  from space 2560K, 94% used [0x00000000d6c00000,0x00000000d6e5c030,0x00000000d6e80000)
  to   space 3584K, 0% used [0x00000000d6780000,0x00000000d6780000,0x00000000d6b00000)
 ParOldGen       total 100352K, used 100042K [0x0000000080000000, 0x0000000086200000, 0x00000000d5580000)
  object space 100352K, 99% used [0x0000000080000000,0x00000000861b2910,0x0000000086200000)
 Metaspace       used 67398K, committed 68992K, reserved 1114112K
  class space    used 6945K, committed 7616K, reserved 1048576K
}
Event: 3880.322 GC heap after
{Heap after GC invocations=78 (full 3):
 PSYoungGen      total 19456K, used 2240K [0x00000000d5580000, 0x00000000d6c80000, 0x0000000100000000)
  eden space 16896K, 0% used [0x00000000d5580000,0x00000000d5580000,0x00000000d6600000)
  from space 2560K, 87% used [0x00000000d6780000,0x00000000d69b0000,0x00000000d6a00000)
  to   space 2560K, 0% used [0x00000000d6a00000,0x00000000d6a00000,0x00000000d6c80000)
 ParOldGen       total 102400K, used 102193K [0x0000000080000000, 0x0000000086400000, 0x00000000d5580000)
  object space 102400K, 99% used [0x0000000080000000,0x00000000863cc7a0,0x0000000086400000)
 Metaspace       used 67398K, committed 68992K, reserved 1114112K
  class space    used 6945K, committed 7616K, reserved 1048576K
}
Event: 3881.284 GC heap before
{Heap before GC invocations=79 (full 3):
 PSYoungGen      total 19456K, used 19136K [0x00000000d5580000, 0x00000000d6c80000, 0x0000000100000000)
  eden space 16896K, 100% used [0x00000000d5580000,0x00000000d6600000,0x00000000d6600000)
  from space 2560K, 87% used [0x00000000d6780000,0x00000000d69b0000,0x00000000d6a00000)
  to   space 2560K, 0% used [0x00000000d6a00000,0x00000000d6a00000,0x00000000d6c80000)
 ParOldGen       total 102400K, used 102193K [0x0000000080000000, 0x0000000086400000, 0x00000000d5580000)
  object space 102400K, 99% used [0x0000000080000000,0x00000000863cc7a0,0x0000000086400000)
 Metaspace       used 67883K, committed 69440K, reserved 1114112K
  class space    used 7008K, committed 7680K, reserved 1048576K
}
Event: 3881.298 GC heap after
{Heap after GC invocations=79 (full 3):
 PSYoungGen      total 18432K, used 1216K [0x00000000d5580000, 0x00000000d6b80000, 0x0000000100000000)
  eden space 16896K, 0% used [0x00000000d5580000,0x00000000d5580000,0x00000000d6600000)
  from space 1536K, 79% used [0x00000000d6a00000,0x00000000d6b30000,0x00000000d6b80000)
  to   space 2048K, 0% used [0x00000000d6780000,0x00000000d6780000,0x00000000d6980000)
 ParOldGen       total 103936K, used 103882K [0x0000000080000000, 0x0000000086580000, 0x00000000d5580000)
  object space 103936K, 99% used [0x0000000080000000,0x0000000086572b40,0x0000000086580000)
 Metaspace       used 67883K, committed 69440K, reserved 1114112K
  class space    used 7008K, committed 7680K, reserved 1048576K
}

