# JRE version: OpenJDK Runtime Environment Temurin-21.0.10+7 (21.0.10+7) (build 21.0.10+7-LTS)
# Java VM: OpenJDK 64-Bit Server VM Temurin-21.0.10+7 (21.0.10+7-LTS, mixed mode, sharing, tiered, compressed oops, compressed class ptrs, parallel gc, windows-amd64)
GC Precious Log:
 CardTable entry size: 512
 CPUs: 4 total, 4 available
 Memory: 8047M
 Large Page Support: Disabled
 NUMA Support: Disabled
 Compressed Oops: Enabled (32-bit)
 Alignments: Space 512K, Generation 512K, Heap 2M
 Heap Min Capacity: 100M
 Heap Initial Capacity: 100M
 Heap Max Capacity: 2G
 Pre-touch: Disabled
 Parallel Workers: 4
Heap:
 PSYoungGen      total 20480K, used 8538K [0x00000000d5580000, 0x00000000d6a80000, 0x0000000100000000)
  eden space 19456K, 38% used [0x00000000d5580000,0x00000000d5cdd958,0x00000000d6880000)
  from space 1024K, 97% used [0x00000000d6880000,0x00000000d6979188,0x00000000d6980000)
  to   space 1024K, 0% used [0x00000000d6980000,0x00000000d6980000,0x00000000d6a80000)
 ParOldGen       total 68608K, used 62634K [0x0000000080000000, 0x0000000084300000, 0x00000000d5580000)
  object space 68608K, 91% used [0x0000000080000000,0x0000000083d2ab38,0x0000000084300000)
 Metaspace       used 60115K, committed 61504K, reserved 1114112K
  class space    used 6385K, committed 6976K, reserved 1048576K
GC Heap History (20 events):
Event: 33.746 GC heap before
{Heap before GC invocations=64 (full 3):
 PSYoungGen      total 19968K, used 19967K [0x00000000d5580000, 0x00000000d6b00000, 0x0000000100000000)
  eden space 19456K, 100% used [0x00000000d5580000,0x00000000d6880000,0x00000000d6880000)
  from space 512K, 99% used [0x00000000d6a80000,0x00000000d6affee0,0x00000000d6b00000)
  to   space 1024K, 0% used [0x00000000d6900000,0x00000000d6900000,0x00000000d6a00000)
 ParOldGen       total 68608K, used 55242K [0x0000000080000000, 0x0000000084300000, 0x00000000d5580000)
  object space 68608K, 80% used [0x0000000080000000,0x00000000835f2928,0x0000000084300000)
 Metaspace       used 59798K, committed 61248K, reserved 1114112K
  class space    used 6361K, committed 6976K, reserved 1048576K
}
Event: 33.747 GC heap after
{Heap after GC invocations=64 (full 3):
 PSYoungGen      total 20480K, used 722K [0x00000000d5580000, 0x00000000d6b00000, 0x0000000100000000)
  eden space 19456K, 0% used [0x00000000d5580000,0x00000000d5580000,0x00000000d6880000)
  from space 1024K, 70% used [0x00000000d6900000,0x00000000d69b4800,0x00000000d6a00000)
  to   space 1024K, 0% used [0x00000000d6a00000,0x00000000d6a00000,0x00000000d6b00000)
 ParOldGen       total 68608K, used 55600K [0x0000000080000000, 0x0000000084300000, 0x00000000d5580000)
  object space 68608K, 81% used [0x0000000080000000,0x000000008364c330,0x0000000084300000)
 Metaspace       used 59798K, committed 61248K, reserved 1114112K
  class space    used 6361K, committed 6976K, reserved 1048576K
}
Event: 33.796 GC heap before
{Heap before GC invocations=65 (full 3):
 PSYoungGen      total 20480K, used 20178K [0x00000000d5580000, 0x00000000d6b00000, 0x0000000100000000)
  eden space 19456K, 100% used [0x00000000d5580000,0x00000000d6880000,0x00000000d6880000)
  from space 1024K, 70% used [0x00000000d6900000,0x00000000d69b4800,0x00000000d6a00000)
  to   space 1024K, 0% used [0x00000000d6a00000,0x00000000d6a00000,0x00000000d6b00000)
 ParOldGen       total 68608K, used 55600K [0x0000000080000000, 0x0000000084300000, 0x00000000d5580000)
  object space 68608K, 81% used [0x0000000080000000,0x000000008364c330,0x0000000084300000)
 Metaspace       used 59800K, committed 61248K, reserved 1114112K
  class space    used 6361K, committed 6976K, reserved 1048576K
}
Event: 33.797 GC heap after
{Heap after GC invocations=65 (full 3):
 PSYoungGen      total 20480K, used 779K [0x00000000d5580000, 0x00000000d6b00000, 0x0000000100000000)
  eden space 19456K, 0% used [0x00000000d5580000,0x00000000d5580000,0x00000000d6880000)
  from space 1024K, 76% used [0x00000000d6a00000,0x00000000d6ac2d28,0x00000000d6b00000)
  to   space 1024K, 0% used [0x00000000d6900000,0x00000000d6900000,0x00000000d6a00000)
 ParOldGen       total 68608K, used 56133K [0x0000000080000000, 0x0000000084300000, 0x00000000d5580000)
  object space 68608K, 81% used [0x0000000080000000,0x00000000836d15d8,0x0000000084300000)
 Metaspace       used 59800K, committed 61248K, reserved 1114112K
  class space    used 6361K, committed 6976K, reserved 1048576K
}
Event: 33.899 GC heap before
{Heap before GC invocations=66 (full 3):
 PSYoungGen      total 20480K, used 20235K [0x00000000d5580000, 0x00000000d6b00000, 0x0000000100000000)
  eden space 19456K, 100% used [0x00000000d5580000,0x00000000d6880000,0x00000000d6880000)
  from space 1024K, 76% used [0x00000000d6a00000,0x00000000d6ac2d28,0x00000000d6b00000)
  to   space 1024K, 0% used [0x00000000d6900000,0x00000000d6900000,0x00000000d6a00000)
 ParOldGen       total 68608K, used 56133K [0x0000000080000000, 0x0000000084300000, 0x00000000d5580000)
  object space 68608K, 81% used [0x0000000080000000,0x00000000836d15d8,0x0000000084300000)
 Metaspace       used 59822K, committed 61248K, reserved 1114112K
  class space    used 6364K, committed 6976K, reserved 1048576K
}
Event: 33.902 GC heap after
{Heap after GC invocations=66 (full 3):
 PSYoungGen      total 20480K, used 814K [0x00000000d5580000, 0x00000000d6a80000, 0x0000000100000000)
  eden space 19456K, 0% used [0x00000000d5580000,0x00000000d5580000,0x00000000d6880000)
  from space 1024K, 79% used [0x00000000d6900000,0x00000000d69cbb18,0x00000000d6a00000)
  to   space 512K, 0% used [0x00000000d6a00000,0x00000000d6a00000,0x00000000d6a80000)
 ParOldGen       total 68608K, used 56589K [0x0000000080000000, 0x0000000084300000, 0x00000000d5580000)
  object space 68608K, 82% used [0x0000000080000000,0x00000000837434c8,0x0000000084300000)
 Metaspace       used 59822K, committed 61248K, reserved 1114112K
  class space    used 6364K, committed 6976K, reserved 1048576K
}
Event: 33.949 GC heap before
{Heap before GC invocations=67 (full 3):
 PSYoungGen      total 20480K, used 20270K [0x00000000d5580000, 0x00000000d6a80000, 0x0000000100000000)
  eden space 19456K, 100% used [0x00000000d5580000,0x00000000d6880000,0x00000000d6880000)
  from space 1024K, 79% used [0x00000000d6900000,0x00000000d69cbb18,0x00000000d6a00000)
  to   space 512K, 0% used [0x00000000d6a00000,0x00000000d6a00000,0x00000000d6a80000)
 ParOldGen       total 68608K, used 56589K [0x0000000080000000, 0x0000000084300000, 0x00000000d5580000)
  object space 68608K, 82% used [0x0000000080000000,0x00000000837434c8,0x0000000084300000)
 Metaspace       used 59823K, committed 61248K, reserved 1114112K
  class space    used 6364K, committed 6976K, reserved 1048576K
}
Event: 33.951 GC heap after
{Heap after GC invocations=67 (full 3):
 PSYoungGen      total 19968K, used 384K [0x00000000d5580000, 0x00000000d6a80000, 0x0000000100000000)
  eden space 19456K, 0% used [0x00000000d5580000,0x00000000d5580000,0x00000000d6880000)
  from space 512K, 75% used [0x00000000d6a00000,0x00000000d6a60000,0x00000000d6a80000)
  to   space 1024K, 0% used [0x00000000d6880000,0x00000000d6880000,0x00000000d6980000)
 ParOldGen       total 68608K, used 57347K [0x0000000080000000, 0x0000000084300000, 0x00000000d5580000)
  object space 68608K, 83% used [0x0000000080000000,0x0000000083800c80,0x0000000084300000)
 Metaspace       used 59823K, committed 61248K, reserved 1114112K
  class space    used 6364K, committed 6976K, reserved 1048576K
}
Event: 34.024 GC heap before
{Heap before GC invocations=68 (full 3):
 PSYoungGen      total 19968K, used 19840K [0x00000000d5580000, 0x00000000d6a80000, 0x0000000100000000)
  eden space 19456K, 100% used [0x00000000d5580000,0x00000000d6880000,0x00000000d6880000)
  from space 512K, 75% used [0x00000000d6a00000,0x00000000d6a60000,0x00000000d6a80000)
  to   space 1024K, 0% used [0x00000000d6880000,0x00000000d6880000,0x00000000d6980000)
 ParOldGen       total 68608K, used 57347K [0x0000000080000000, 0x0000000084300000, 0x00000000d5580000)
  object space 68608K, 83% used [0x0000000080000000,0x0000000083800c80,0x0000000084300000)
 Metaspace       used 59824K, committed 61248K, reserved 1114112K
  class space    used 6364K, committed 6976K, reserved 1048576K
}
Event: 34.025 GC heap after
{Heap after GC invocations=68 (full 3):
 PSYoungGen      total 20480K, used 512K [0x00000000d5580000, 0x00000000d6a80000, 0x0000000100000000)
  eden space 19456K, 0% used [0x00000000d5580000,0x00000000d5580000,0x00000000d6880000)
  from space 1024K, 50% used [0x00000000d6880000,0x00000000d6900000,0x00000000d6980000)
  to   space 1024K, 0% used [0x00000000d6980000,0x00000000d6980000,0x00000000d6a80000)
 ParOldGen       total 68608K, used 57691K [0x0000000080000000, 0x0000000084300000, 0x00000000d5580000)
  object space 68608K, 84% used [0x0000000080000000,0x0000000083856c80,0x0000000084300000)
 Metaspace       used 59824K, committed 61248K, reserved 1114112K
  class space    used 6364K, committed 6976K, reserved 1048576K
}
Event: 34.114 GC heap before
{Heap before GC invocations=69 (full 3):
 PSYoungGen      total 20480K, used 19968K [0x00000000d5580000, 0x00000000d6a80000, 0x0000000100000000)
  eden space 19456K, 100% used [0x00000000d5580000,0x00000000d6880000,0x00000000d6880000)
  from space 1024K, 50% used [0x00000000d6880000,0x00000000d6900000,0x00000000d6980000)
  to   space 1024K, 0% used [0x00000000d6980000,0x00000000d6980000,0x00000000d6a80000)
 ParOldGen       total 68608K, used 57691K [0x0000000080000000, 0x0000000084300000, 0x00000000d5580000)
  object space 68608K, 84% used [0x0000000080000000,0x0000000083856c80,0x0000000084300000)
 Metaspace       used 59831K, committed 61248K, reserved 1114112K
  class space    used 6364K, committed 6976K, reserved 1048576K
}
Event: 34.117 GC heap after
{Heap after GC invocations=69 (full 3):
 PSYoungGen      total 20480K, used 691K [0x00000000d5580000, 0x00000000d6a80000, 0x0000000100000000)
  eden space 19456K, 0% used [0x00000000d5580000,0x00000000d5580000,0x00000000d6880000)
  from space 1024K, 67% used [0x00000000d6980000,0x00000000d6a2cda0,0x00000000d6a80000)
  to   space 1024K, 0% used [0x00000000d6880000,0x00000000d6880000,0x00000000d6980000)
 ParOldGen       total 68608K, used 58919K [0x0000000080000000, 0x0000000084300000, 0x00000000d5580000)
  object space 68608K, 85% used [0x0000000080000000,0x0000000083989ce0,0x0000000084300000)
 Metaspace       used 59831K, committed 61248K, reserved 1114112K
  class space    used 6364K, committed 6976K, reserved 1048576K
}
Event: 34.187 GC heap before
{Heap before GC invocations=70 (full 3):
 PSYoungGen      total 20480K, used 20147K [0x00000000d5580000, 0x00000000d6a80000, 0x0000000100000000)
  eden space 19456K, 100% used [0x00000000d5580000,0x00000000d6880000,0x00000000d6880000)
  from space 1024K, 67% used [0x00000000d6980000,0x00000000d6a2cda0,0x00000000d6a80000)
  to   space 1024K, 0% used [0x00000000d6880000,0x00000000d6880000,0x00000000d6980000)
 ParOldGen       total 68608K, used 58919K [0x0000000080000000, 0x0000000084300000, 0x00000000d5580000)
  object space 68608K, 85% used [0x0000000080000000,0x0000000083989ce0,0x0000000084300000)
 Metaspace       used 59832K, committed 61248K, reserved 1114112K
  class space    used 6364K, committed 6976K, reserved 1048576K
}
Event: 34.189 GC heap after
{Heap after GC invocations=70 (full 3):
 PSYoungGen      total 20480K, used 480K [0x00000000d5580000, 0x00000000d6a80000, 0x0000000100000000)
  eden space 19456K, 0% used [0x00000000d5580000,0x00000000d5580000,0x00000000d6880000)
  from space 1024K, 46% used [0x00000000d6880000,0x00000000d68f8000,0x00000000d6980000)
  to   space 1024K, 0% used [0x00000000d6980000,0x00000000d6980000,0x00000000d6a80000)
 ParOldGen       total 68608K, used 59523K [0x0000000080000000, 0x0000000084300000, 0x00000000d5580000)
  object space 68608K, 86% used [0x0000000080000000,0x0000000083a20d18,0x0000000084300000)
 Metaspace       used 59832K, committed 61248K, reserved 1114112K
  class space    used 6364K, committed 6976K, reserved 1048576K
}
Event: 34.258 GC heap before
{Heap before GC invocations=71 (full 3):
 PSYoungGen      total 20480K, used 19936K [0x00000000d5580000, 0x00000000d6a80000, 0x0000000100000000)
  eden space 19456K, 100% used [0x00000000d5580000,0x00000000d6880000,0x00000000d6880000)
  from space 1024K, 46% used [0x00000000d6880000,0x00000000d68f8000,0x00000000d6980000)
  to   space 1024K, 0% used [0x00000000d6980000,0x00000000d6980000,0x00000000d6a80000)
 ParOldGen       total 68608K, used 59523K [0x0000000080000000, 0x0000000084300000, 0x00000000d5580000)
  object space 68608K, 86% used [0x0000000080000000,0x0000000083a20d18,0x0000000084300000)
 Metaspace       used 59833K, committed 61248K, reserved 1114112K
  class space    used 6364K, committed 6976K, reserved 1048576K
}
Event: 34.260 GC heap after
{Heap after GC invocations=71 (full 3):
 PSYoungGen      total 20480K, used 544K [0x00000000d5580000, 0x00000000d6a80000, 0x0000000100000000)
  eden space 19456K, 0% used [0x00000000d5580000,0x00000000d5580000,0x00000000d6880000)
  from space 1024K, 53% used [0x00000000d6980000,0x00000000d6a08000,0x00000000d6a80000)
  to   space 1024K, 0% used [0x00000000d6880000,0x00000000d6880000,0x00000000d6980000)
 ParOldGen       total 68608K, used 59904K [0x0000000080000000, 0x0000000084300000, 0x00000000d5580000)
  object space 68608K, 87% used [0x0000000080000000,0x0000000083a80370,0x0000000084300000)
 Metaspace       used 59833K, committed 61248K, reserved 1114112K
  class space    used 6364K, committed 6976K, reserved 1048576K
}
Event: 34.321 GC heap before
{Heap before GC invocations=72 (full 3):
 PSYoungGen      total 20480K, used 20000K [0x00000000d5580000, 0x00000000d6a80000, 0x0000000100000000)
  eden space 19456K, 100% used [0x00000000d5580000,0x00000000d6880000,0x00000000d6880000)
  from space 1024K, 53% used [0x00000000d6980000,0x00000000d6a08000,0x00000000d6a80000)
  to   space 1024K, 0% used [0x00000000d6880000,0x00000000d6880000,0x00000000d6980000)
 ParOldGen       total 68608K, used 59904K [0x0000000080000000, 0x0000000084300000, 0x00000000d5580000)
  object space 68608K, 87% used [0x0000000080000000,0x0000000083a80370,0x0000000084300000)
 Metaspace       used 59834K, committed 61248K, reserved 1114112K
  class space    used 6364K, committed 6976K, reserved 1048576K
}
Event: 34.324 GC heap after
{Heap after GC invocations=72 (full 3):
 PSYoungGen      total 20480K, used 672K [0x00000000d5580000, 0x00000000d6a80000, 0x0000000100000000)
  eden space 19456K, 0% used [0x00000000d5580000,0x00000000d5580000,0x00000000d6880000)
  from space 1024K, 65% used [0x00000000d6880000,0x00000000d69282c0,0x00000000d6980000)
  to   space 1024K, 0% used [0x00000000d6980000,0x00000000d6980000,0x00000000d6a80000)
 ParOldGen       total 68608K, used 60383K [0x0000000080000000, 0x0000000084300000, 0x00000000d5580000)
  object space 68608K, 88% used [0x0000000080000000,0x0000000083af7ca8,0x0000000084300000)
 Metaspace       used 59834K, committed 61248K, reserved 1114112K
  class space    used 6364K, committed 6976K, reserved 1048576K
}
Event: 34.406 GC heap before
{Heap before GC invocations=73 (full 3):
 PSYoungGen      total 20480K, used 20128K [0x00000000d5580000, 0x00000000d6a80000, 0x0000000100000000)
  eden space 19456K, 100% used [0x00000000d5580000,0x00000000d6880000,0x00000000d6880000)
  from space 1024K, 65% used [0x00000000d6880000,0x00000000d69282c0,0x00000000d6980000)
  to   space 1024K, 0% used [0x00000000d6980000,0x00000000d6980000,0x00000000d6a80000)
 ParOldGen       total 68608K, used 60383K [0x0000000080000000, 0x0000000084300000, 0x00000000d5580000)
  object space 68608K, 88% used [0x0000000080000000,0x0000000083af7ca8,0x0000000084300000)
 Metaspace       used 59838K, committed 61248K, reserved 1114112K
  class space    used 6364K, committed 6976K, reserved 1048576K
}
Event: 34.409 GC heap after
{Heap after GC invocations=73 (full 3):
 PSYoungGen      total 20480K, used 759K [0x00000000d5580000, 0x00000000d6a80000, 0x0000000100000000)
  eden space 19456K, 0% used [0x00000000d5580000,0x00000000d5580000,0x00000000d6880000)
  from space 1024K, 74% used [0x00000000d6980000,0x00000000d6a3def8,0x00000000d6a80000)
  to   space 1024K, 0% used [0x00000000d6880000,0x00000000d6880000,0x00000000d6980000)
 ParOldGen       total 68608K, used 61791K [0x0000000080000000, 0x0000000084300000, 0x00000000d5580000)
  object space 68608K, 90% used [0x0000000080000000,0x0000000083c57cb8,0x0000000084300000)
 Metaspace       used 59838K, committed 61248K, reserved 1114112K
  class space    used 6364K, committed 6976K, reserved 1048576K
}

